0 info it worked if it ends with ok
1 verbose cli [ '/usr/local/bin/node', '/usr/local/bin/npm', 'run', 'sart' ]
2 info using npm@3.9.2
3 info using node@v4.2.3
4 verbose stack Error: missing script: sart
4 verbose stack     at run (/usr/local/lib/node_modules/npm/lib/run-script.js:150:19)
4 verbose stack     at /usr/local/lib/node_modules/npm/lib/run-script.js:60:5
4 verbose stack     at /usr/local/lib/node_modules/npm/node_modules/read-package-json/read-json.js:356:5
4 verbose stack     at checkBinReferences_ (/usr/local/lib/node_modules/npm/node_modules/read-package-json/read-json.js:320:45)
4 verbose stack     at final (/usr/local/lib/node_modules/npm/node_modules/read-package-json/read-json.js:354:3)
4 verbose stack     at then (/usr/local/lib/node_modules/npm/node_modules/read-package-json/read-json.js:124:5)
4 verbose stack     at /usr/local/lib/node_modules/npm/node_modules/read-package-json/read-json.js:311:12
4 verbose stack     at /usr/local/lib/node_modules/npm/node_modules/graceful-fs/graceful-fs.js:78:16
4 verbose stack     at FSReqWrap.readFileAfterClose [as oncomplete] (fs.js:380:3)
5 verbose cwd /Users/zee/Programming/MyProjects/tmdbs-api-nodejs
6 error Darwin 15.5.0
7 error argv "/usr/local/bin/node" "/usr/local/bin/npm" "run" "sart"
8 error node v4.2.3
9 error npm  v3.9.2
10 error missing script: sart
11 error If you need help, you may report this error at:
11 error     <https://github.com/npm/npm/issues>
12 verbose exit [ 1, true ]
