[0mGET /search/Mr%20&%20Mrs%20Smith [0m- [0m- ms - -[0m
[0mGET /api/search/Mr%20&%20Mrs%20Smith [32m200 [0m454.853 ms - -[0m
[0mGET /favicon.ico [0m- [0m- ms - -[0m
[0mGET /api/latestmovies [32m200 [0m990.158 ms - 13416[0m
[0mGET /favicon.ico [0m- [0m- ms - -[0m
[0mGET /favicon.ico [0m- [0m- ms - -[0m
[0mGET /api/latestmovies [32m200 [0m488.752 ms - 13416[0m
[0mGET /favicon.ico [0m- [0m- ms - -[0m
[0mGET /favicon.ico [0m- [0m- ms - -[0m
[0mGET /api/latestmovies [32m200 [0m410.317 ms - 13416[0m
[0mGET /api/latestmovies [32m200 [0m396.542 ms - 13416[0m
[0mGET /api/latestmovies?callback=jQuery22304518548887919722_1462398235377&_=1462398235378 [32m200 [0m427.150 ms - 13416[0m
[0mGET /api/latestmovies?callback=jQuery223036140579186152144_1462398382246&_=1462398382247 [32m200 [0m854.430 ms - 13416[0m
[0mGET /api/latestmovies?callback=jQuery223023622204836735183_1462398461438&_=1462398461439 [32m200 [0m467.566 ms - 13416[0m
[0mGET /api/latestmovies?callback=jQuery22301816620123843855_1462398504048&_=1462398504049 [32m200 [0m403.520 ms - 13416[0m
[0mGET /api/latestmovies?callback=jQuery22306889172582083554_1462398506646&_=1462398506647 [32m200 [0m398.953 ms - 13416[0m
[0mGET /api/latestmovies?callback=jQuery223002516513373801499_1462398560905&_=1462398560906 [32m200 [0m413.783 ms - 13416[0m
[0mGET /api/latestmovies?callback=jQuery22307007484057709081_1462398567644&_=1462398567645 [32m200 [0m414.972 ms - 13416[0m
[0mOPTIONS /api/latestmovies [32m200 [0m3.515 ms - 8[0m
[0mOPTIONS /api/latestmovies [32m200 [0m3.255 ms - 8[0m
[0mGET /api/latestmovies [32m200 [0m826.889 ms - 13416[0m
[0mOPTIONS /api/latestmovies [32m200 [0m0.521 ms - 8[0m
[0mGET /api/latestmovies [36m304 [0m407.931 ms - -[0m
[0mOPTIONS /api/latestmovies [32m200 [0m0.190 ms - 8[0m
[0mGET /api/latestmovies [36m304 [0m398.801 ms - -[0m
[0mGET /api/latestmovies [36m304 [0m777.998 ms - -[0m
[0mGET /favicon.ico [0m- [0m- ms - -[0m
[0mOPTIONS /api/latestmovies [32m200 [0m0.199 ms - 8[0m
[0mGET /api/latestmovies [36m304 [0m417.984 ms - -[0m
[0mGET /api/latestmovies [36m304 [0m397.991 ms - -[0m
[0mGET /api/latestmovies [36m304 [0m415.827 ms - -[0m
[0mGET /api/latestmovies [36m304 [0m414.447 ms - -[0m
[0mGET /api/latestmovies [36m304 [0m411.817 ms - -[0m
[0mGET /favicon.ico [0m- [0m- ms - -[0m
[0mGET /api/latestmovies [32m200 [0m845.924 ms - 12814[0m
[0mGET /api/latestmovies [32m200 [0m494.463 ms - 12814[0m
[0mGET /api/latestmovies [32m200 [0m439.439 ms - 12815[0m
[0mGET /api/latestmovies [36m304 [0m401.091 ms - -[0m
[0mGET /api/latestmovies [32m200 [0m1015.928 ms - 12080[0m
Forever detected script exited with code 1
Forever restarting script for 1 time
Forever detected script exited with code 1
Forever restarting script for 2 time
Forever detected script exited with code 1
Forever restarting script for 3 time
Forever detected script exited with code 1
Forever restarting script for 4 time
Forever detected script exited with code 1
Forever restarting script for 5 time
Forever detected script exited with code 1
Forever restarting script for 6 time
[0mGET /api/latestmovies [32m200 [0m1003.761 ms - 14060[0m
[0mGET /api/latestmovies [32m200 [0m473.956 ms - 14429[0m
[0mGET /api/latestmovies [32m200 [0m524.557 ms - 14429[0m
[0mGET /api/latestmovies [32m200 [0m423.820 ms - 14060[0m
[0mGET /api/latestmovies [32m200 [0m915.585 ms - 14060[0m
[0mGET /api/latestmovies [32m200 [0m534.342 ms - 14429[0m
[0mGET /api/latestmovies [32m200 [0m889.523 ms - 14429[0m
[0mGET /api/latestmovies [36m304 [0m433.591 ms - -[0m
[0mGET /api/latestmovies [32m200 [0m853.723 ms - 14060[0m
[0mGET /api/latestmovies [32m200 [0m421.445 ms - 14429[0m
[0mGET /api/latestmovies [36m304 [0m380.670 ms - -[0m
[0mGET /api/latestmovies [32m200 [0m401.786 ms - 14060[0m
[0mGET /api/latestmovies [36m304 [0m425.348 ms - -[0m
[0mGET /api/latestmovies [32m200 [0m444.964 ms - 14429[0m
[0mGET /api/latestmovies [36m304 [0m422.532 ms - -[0m
[0mGET /api/latestmovies [32m200 [0m824.545 ms - 14060[0m
[0mGET /api/latestmovies [32m200 [0m398.102 ms - 14429[0m
[0mGET /api/latestmovies [36m304 [0m394.998 ms - -[0m
[0mGET /favicon.ico [0m- [0m- ms - -[0m
[0mGET /api/latestmovies [36m304 [0m413.926 ms - -[0m
[0mGET /favicon.ico [0m- [0m- ms - -[0m
[0mGET /api/latestmovies [32m200 [0m412.385 ms - 14429[0m
[0mGET /api/latestmovies [36m304 [0m398.488 ms - -[0m
[0mGET /api/latestmovies [36m304 [0m416.559 ms - -[0m
[0mGET /api/latestmovies [32m200 [0m401.041 ms - 14060[0m
[0mGET /api/latestmovies [32m200 [0m426.204 ms - 14060[0m
[0mGET /api/latestmovies [32m200 [0m418.197 ms - 14060[0m
[0mGET /api/latestmovies [36m304 [0m398.781 ms - -[0m
[0mGET /api/latestmovies [32m200 [0m408.347 ms - 14429[0m
[0mGET /api/movie/271110/images [32m200 [0m435.600 ms - 23278[0m
[0mGET /favicon.ico [0m- [0m- ms - -[0m
[0mGET /favicon.ico [0m- [0m- ms - -[0m
[0mGET /api/latestmovies [32m200 [0m406.844 ms - 14429[0m
[0mGET /favicon.ico [0m- [0m- ms - -[0m
[0mGET /api/latestmovies [32m200 [0m409.408 ms - 14060[0m
[0mGET /api/latestmovies [36m304 [0m433.342 ms - -[0m
[0mGET /api/latestmovies [32m200 [0m401.690 ms - 14429[0m
[0mGET /api/latestmovies [36m304 [0m419.310 ms - -[0m
[0mGET /api/latestmovies [32m200 [0m416.673 ms - 14429[0m
[0mGET /api/latestmovies [36m304 [0m397.953 ms - -[0m
[0mGET /api/latestmovies [36m304 [0m397.003 ms - -[0m
[0mGET /api/latestmovies [32m200 [0m417.089 ms - 14060[0m
[0mGET /api/latestmovies [36m304 [0m860.472 ms - -[0m
[0mGET /api/latestmovies [32m200 [0m390.022 ms - 14429[0m
[0mGET /api/latestmovies [32m200 [0m403.716 ms - 14060[0m
[0mGET /api/latestmovies [36m304 [0m403.940 ms - -[0m
[0mGET /api/latestmovies [36m304 [0m439.883 ms - -[0m
[0mGET /api/latestmovies [32m200 [0m397.352 ms - 14429[0m
[0mGET /api/latestmovies [32m200 [0m408.953 ms - 14060[0m
[0mGET /api/latestmovies [36m304 [0m421.016 ms - -[0m
[0mGET /api/latestmovies [32m200 [0m400.112 ms - 14429[0m
[0mGET /api/latestmovies [36m304 [0m388.515 ms - -[0m
[0mGET /api/latestmovies [32m200 [0m401.191 ms - 14060[0m
[0mGET /api/latestmovies [36m304 [0m430.660 ms - -[0m
[0mGET /api/latestmovies [36m304 [0m416.785 ms - -[0m
[0mGET /api/latestmovies [36m304 [0m442.793 ms - -[0m
[0mGET /api/latestmovies [36m304 [0m411.996 ms - -[0m
[0mGET /api/latestmovies [36m304 [0m448.748 ms - -[0m
[0mGET /api/latestmovies [36m304 [0m432.569 ms - -[0m
[0mGET /api/latestmovies [36m304 [0m460.185 ms - -[0m
[0mGET /api/latestmovies [36m304 [0m445.295 ms - -[0m
[0mGET /api/latestmovies [32m200 [0m417.214 ms - 14429[0m
[0mGET /favicon.ico [0m- [0m- ms - -[0m
[0mGET /api/latestmovies [36m304 [0m423.407 ms - -[0m
[0mGET /api/latestmovies [32m200 [0m394.584 ms - 14060[0m
[0mGET /favicon.ico [0m- [0m- ms - -[0m
[0mGET /api/latestmovies [32m200 [0m461.771 ms - 14429[0m
[0mGET /api/latestmovies [32m200 [0m415.470 ms - 14060[0m
[0mGET /api/latestmovies [32m200 [0m404.497 ms - 14429[0m
[0mGET /api/latestmovies [36m304 [0m423.707 ms - -[0m
[0mGET /api/latestmovies [32m200 [0m404.395 ms - 14060[0m
[0mGET /api/latestmovies [36m304 [0m435.745 ms - -[0m
[0mGET /api/latestmovies [32m200 [0m407.278 ms - 14429[0m
[0mGET /api/latestmovies [36m304 [0m415.115 ms - -[0m
[0mGET /api/latestmovies [36m304 [0m413.994 ms - -[0m
[0mGET /api/latestmovies [32m200 [0m405.303 ms - 14060[0m
[0mGET /api/latestmovies [32m200 [0m413.319 ms - 14429[0m
[0mGET /api/latestmovies [32m200 [0m408.997 ms - 14060[0m
[0mGET /api/latestmovies [36m304 [0m402.322 ms - -[0m
[0mGET /api/latestmovies [32m200 [0m382.352 ms - 14429[0m
[0mGET /api/latestmovies [36m304 [0m398.956 ms - -[0m
[0mGET /api/latestmovies [36m304 [0m394.760 ms - -[0m
[0mGET /api/latestmovies [36m304 [0m407.656 ms - -[0m
[0mGET /api/latestmovies [36m304 [0m399.800 ms - -[0m
[0mGET /api/latestmovies [36m304 [0m415.080 ms - -[0m
[0mGET /api/latestmovies [32m200 [0m412.181 ms - 14060[0m
[0mGET /api/latestmovies [32m200 [0m381.962 ms - 14429[0m
[0mGET /api/latestmovies [32m200 [0m432.817 ms - 14060[0m
[0mGET /api/latestmovies [36m304 [0m417.325 ms - -[0m
[0mGET /api/latestmovies [36m304 [0m405.860 ms - -[0m
[0mGET /api/latestmovies [36m304 [0m406.198 ms - -[0m
[0mGET /api/latestmovies [36m304 [0m398.202 ms - -[0m
[0mGET /api/latestmovies [36m304 [0m394.818 ms - -[0m
[0mGET /api/latestmovies [36m304 [0m407.854 ms - -[0m
[0mGET /api/latestmovies [32m200 [0m407.258 ms - 14429[0m
[0mGET /api/latestmovies [36m304 [0m424.486 ms - -[0m
[0mGET /api/latestmovies [32m200 [0m448.383 ms - 14060[0m
[0mGET /api/latestmovies [32m200 [0m396.512 ms - 14429[0m
[0mGET /favicon.ico [0m- [0m- ms - -[0m
[0mGET /favicon.ico [0m- [0m- ms - -[0m
[0mGET /api/latestmovies [32m200 [0m824.938 ms - 14091[0m
[0mGET /api/latestmovies [32m200 [0m412.169 ms - 14091[0m
[0mGET /api/latestmovies [32m200 [0m405.136 ms - 14460[0m
[0mGET /api/latestmovies [36m304 [0m402.174 ms - -[0m
[0mGET /api/latestmovies [32m200 [0m421.180 ms - 14091[0m
[0mGET /api/latestmovies [36m304 [0m403.217 ms - -[0m
[0mGET /api/latestmovies [36m304 [0m402.893 ms - -[0m
[0mGET /api/latestmovies [32m200 [0m414.185 ms - 14460[0m
[0mGET /api/latestmovies [36m304 [0m426.588 ms - -[0m
[0mGET /api/latestmovies [36m304 [0m400.037 ms - -[0m
[0mGET /api/latestmovies [32m200 [0m408.610 ms - 14091[0m
[0mGET /api/latestmovies [32m200 [0m407.183 ms - 14460[0m
[0mGET /api/latestmovies [32m200 [0m418.216 ms - 14091[0m
[0mGET /api/latestmovies [36m304 [0m517.607 ms - -[0m
[0mGET /api/latestmovies [36m304 [0m423.749 ms - -[0m
[0mGET /api/latestmovies [32m200 [0m855.358 ms - 13866[0m
[0mGET /api/latestmovies [32m200 [0m858.236 ms - 13368[0m
[0mGET /api/latestmovies [36m304 [0m948.366 ms - -[0m
[0mGET /api/latestmovies [32m200 [0m442.540 ms - 13368[0m
[0mGET /api/latestmovies [32m200 [0m469.084 ms - 13368[0m
[0mGET /api/latestmovies [32m200 [0m446.394 ms - 13312[0m
[0mGET /api/latestmovies [32m200 [0m463.693 ms - 13368[0m
[0mGET /api/latestmovies [36m304 [0m430.480 ms - -[0m
[0mGET /api/latestmovies [32m200 [0m399.564 ms - 13368[0m
[0mGET /api/latestmovies [32m200 [0m405.914 ms - 13368[0m
[0mGET /api/latestmovies [32m200 [0m402.109 ms - 13368[0m
[0mGET /api/latestmovies [32m200 [0m429.712 ms - 13368[0m
[0mGET /api/latestmovies [36m304 [0m563.711 ms - -[0m
[0mGET /api/latestmovies [32m200 [0m437.909 ms - 13368[0m
[0mGET /api/latestmovies [32m200 [0m549.409 ms - 13312[0m
[0mGET /api/latestmovies [32m200 [0m493.657 ms - 13368[0m
[0mGET /api/latestmovies [36m304 [0m476.294 ms - -[0m
[0mGET /api/latestmovies [32m200 [0m444.285 ms - 13368[0m
[0mGET /api/latestmovies [32m200 [0m448.704 ms - 13368[0m
[0mGET /api/latestmovies [32m200 [0m435.401 ms - 13368[0m
[0mGET /api/latestmovies [32m200 [0m419.625 ms - 13368[0m
[0mGET /api/latestmovies [32m200 [0m422.481 ms - 13312[0m
[0mGET /api/latestmovies [32m200 [0m406.753 ms - 13368[0m
[0mGET /api/latestmovies [32m200 [0m854.542 ms - 13368[0m
[0mGET /api/latestmovies [32m200 [0m439.736 ms - 13368[0m
[0mGET /api/latestmovies [0m- [0m- ms - -[0m
[0mGET /api/latestmovies [32m200 [0m1026.421 ms - 13368[0m
[0mGET /api/latestmovies [32m200 [0m656.639 ms - 13368[0m
[0mGET /api/latestmovies [32m200 [0m809.989 ms - 13368[0m
[0mGET /api/latestmovies [32m200 [0m402.108 ms - 13368[0m
[0mGET /api/latestmovies [32m200 [0m411.695 ms - 12951[0m
[0mGET /api/latestmovies [32m200 [0m399.239 ms - 13368[0m
[0mGET /api/latestmovies [36m304 [0m395.512 ms - -[0m
[0mGET /api/latestmovies [32m200 [0m422.215 ms - 12951[0m
[0mGET /api/latestmovies [32m200 [0m409.144 ms - 13368[0m
[0mGET /api/latestmovies [32m200 [0m430.941 ms - 13368[0m
[0mGET /api/latestmovies [32m200 [0m390.203 ms - 12951[0m
[0mGET /api/latestmovies [32m200 [0m431.350 ms - 13368[0m
[0mGET /api/latestmovies [32m200 [0m397.024 ms - 13368[0m
[0mGET /api/latestmovies [36m304 [0m428.561 ms - -[0m
[0mGET /api/latestmovies [32m200 [0m413.806 ms - 13368[0m
[0mGET /api/latestmovies [32m200 [0m410.281 ms - 13368[0m
[0mGET /api/latestmovies [32m200 [0m793.630 ms - 13368[0m
[0mGET /api/latestmovies [32m200 [0m406.762 ms - 13368[0m
[0mGET /api/latestmovies [32m200 [0m876.246 ms - 14094[0m
[0mGET /api/latestmovies [32m200 [0m835.585 ms - 13926[0m
[0mGET /api/latestmovies [36m304 [0m402.098 ms - -[0m
[0mGET /api/latestmovies [32m200 [0m1017.285 ms - 13676[0m
[0mGET /api/latestmovies [32m200 [0m413.633 ms - 13676[0m
[0mGET /api/latestmovies [32m200 [0m413.220 ms - 13926[0m
[0mGET /api/latestmovies [32m200 [0m901.667 ms - 13926[0m
[0mGET /api/latestmovies [36m304 [0m387.853 ms - -[0m
[0mGET /api/latestmovies [32m200 [0m417.160 ms - 13676[0m
[0mGET /api/latestmovies [32m200 [0m440.941 ms - 13926[0m
[0mGET / [0m- [0m- ms - -[0m
[0mGET /api/latestmovies [32m200 [0m388.617 ms - 13676[0m
[0mGET /favicon.ico [0m- [0m- ms - -[0m
[0mGET /api/latestmovies [32m200 [0m418.176 ms - 14094[0m
[0mGET /api/latestmovies [0m- [0m- ms - -[0m
[0mGET /api/latestmovies [32m200 [0m388.826 ms - 13926[0m
[0mGET /api/movie/257440 [32m200 [0m402.297 ms - 1341[0m
[0mGET /api/movie/257440 [36m304 [0m401.303 ms - -[0m
[0mGET /api/movie/257440 [36m304 [0m399.189 ms - -[0m
[0mGET /api/latestmovies [32m200 [0m398.725 ms - 14094[0m
[0mGET /api/search/Transformers [32m200 [0m682.804 ms - 12205[0m
[0mGET /api/search/Transformers [0m- [0m- ms - -[0m
[0mGET /api/latestmovies [0m- [0m- ms - -[0m
[0mGET /api/movie/257440 [36m304 [0m462.013 ms - -[0m
[0mGET /api/movie/1858 [32m200 [0m463.128 ms - 1457[0m
[0mGET /api/movie/1858/videos [32m200 [0m1028.727 ms - 176[0m
[0mGET /api/latestmovies [32m200 [0m422.705 ms - 13926[0m
[0mGET /api/latestmovies [36m304 [0m489.030 ms - -[0m
[0mGET /api/latestmovies [32m200 [0m403.276 ms - 13676[0m
[0mGET /api/latestmovies [32m200 [0m429.553 ms - 13926[0m
[0mGET /api/latestmovies [32m200 [0m420.856 ms - 13676[0m
[0mGET /api/latestmovies [32m200 [0m415.667 ms - 13926[0m
[0mGET /apple-touch-icon-precomposed.png [0m- [0m- ms - -[0m
[0mGET /apple-touch-icon-precomposed.png [0m- [0m- ms - -[0m
[0mGET /api/movie/43365271110/videos [32m200 [0m393.126 ms - 4[0m
[0mGET /api/movie/257440 [36m304 [0m379.695 ms - -[0m
[0mGET /api/latestmovies [32m200 [0m399.223 ms - 14094[0m
[0mGET /api/latestmovies [32m200 [0m414.761 ms - 13676[0m
[0mGET /api/movie/257440 [36m304 [0m404.224 ms - -[0m
[0mGET /api/movie/271110 [32m200 [0m393.477 ms - 1409[0m
[0mGET /api/movie/271110/videos [32m200 [0m400.200 ms - 351[0m
[0mGET /apple-touch-icon-precomposed.png [0m- [0m- ms - -[0m
[0mGET /apple-touch-icon-precomposed.png [0m- [0m- ms - -[0m
[0mGET /apple-touch-icon-precomposed.png [0m- [0m- ms - -[0m
[0mGET /apple-touch-icon-precomposed.png [0m- [0m- ms - -[0m
[0mGET /apple-touch-icon.png [0m- [0m- ms - -[0m
[0mGET /apple-touch-icon.png [0m- [0m- ms - -[0m
[0mGET /api/latestmovies [36m304 [0m438.384 ms - -[0m
[0mGET /api/latestmovies [32m200 [0m812.901 ms - 14094[0m
[0mGET /api/movie/278927/videos/ [32m200 [0m467.654 ms - 871[0m
[0mGET /api/movie/271110/videos/ [32m200 [0m473.532 ms - 351[0m
[0mGET /api/movie/246655/videos/ [32m200 [0m469.751 ms - 496[0m
[0mGET /api/movie/153518/videos/ [32m200 [0m470.595 ms - 715[0m
[0mGET /api/movie/325133/videos/ [32m200 [0m471.840 ms - 361[0m
[0mGET /api/movie/332411/videos/ [32m200 [0m478.130 ms - 177[0m
[0mGET /api/movie/346651/videos/ [32m200 [0m528.984 ms - 179[0m
[0mGET /api/movie/301608/videos/ [32m200 [0m532.827 ms - 179[0m
[0mGET /api/movie/303858/videos/ [32m200 [0m540.721 ms - 360[0m
[0mGET /api/movie/254302/videos/ [32m200 [0m540.689 ms - 679[0m
[0mGET /api/movie/384798/videos/ [32m200 [0m532.460 ms - 178[0m
[0mGET /api/movie/290250/videos/ [32m200 [0m536.098 ms - 352[0m
[0mGET /api/movie/355008/videos/ [32m200 [0m516.512 ms - 186[0m
[0mGET /api/movie/360365/videos/ [32m200 [0m518.187 ms - 368[0m
[0mGET /api/movie/383121/videos/ [32m200 [0m521.436 ms - 242[0m
[0mGET /api/movie/267800/videos/ [32m200 [0m519.855 ms - 238[0m
[0mGET /api/movie/325348/videos/ [32m200 [0m532.488 ms - 349[0m
[0mGET /api/movie/323676/videos/ [32m200 [0m567.011 ms - 179[0m
[0mGET /api/movie/257440/videos/ [32m200 [0m516.618 ms - 185[0m
[0mGET /api/movie/397674/videos/ [32m200 [0m810.077 ms - 26[0m
[0mGET /api/latestmovies [32m200 [0m429.301 ms - 13926[0m
[0mGET /api/movie/290595/videos/ [32m200 [0m398.840 ms - 512[0m
[0mGET /api/movie/325133/videos/ [36m304 [0m396.649 ms - -[0m
[0mGET /api/movie/278927/videos/ [36m304 [0m411.807 ms - -[0m
[0mGET /api/movie/246655/videos/ [36m304 [0m423.393 ms - -[0m
[0mGET /api/movie/153518/videos/ [36m304 [0m425.368 ms - -[0m
[0mGET /api/movie/271110/videos/ [36m304 [0m451.713 ms - -[0m
[0mGET /api/movie/332411/videos/ [36m304 [0m384.184 ms - -[0m
[0mGET /api/movie/303858/videos/ [36m304 [0m392.847 ms - -[0m
[0mGET /api/movie/383121/videos/ [36m304 [0m479.592 ms - -[0m
[0mGET /api/movie/355008/videos/ [36m304 [0m472.920 ms - -[0m
[0mGET /api/movie/384798/videos/ [36m304 [0m495.310 ms - -[0m
[0mGET /api/movie/301608/videos/ [36m304 [0m702.232 ms - -[0m
[0mGET /api/movie/323676/videos/ [36m304 [0m421.957 ms - -[0m
[0mGET /api/movie/254302/videos/ [36m304 [0m420.376 ms - -[0m
[0mGET /api/movie/346651/videos/ [36m304 [0m383.965 ms - -[0m
[0mGET /api/movie/325348/videos/ [36m304 [0m389.702 ms - -[0m
[0mGET /api/movie/360365/videos/ [36m304 [0m408.806 ms - -[0m
[0mGET /api/movie/290250/videos/ [36m304 [0m376.711 ms - -[0m
[0mGET /api/movie/397674/videos/ [36m304 [0m376.677 ms - -[0m
[0mGET /api/movie/267800/videos/ [36m304 [0m389.382 ms - -[0m
[0mGET /apple-touch-icon.png [0m- [0m- ms - -[0m
[0mGET /apple-touch-icon.png [0m- [0m- ms - -[0m
[0mGET /api/latestmovies [36m304 [0m490.122 ms - -[0m
[0mGET /api/movie/290595/videos/ [36m304 [0m380.055 ms - -[0m
[0mGET /api/movie/153518/videos/ [36m304 [0m381.945 ms - -[0m
[0mGET /api/movie/278927/videos/ [36m304 [0m390.372 ms - -[0m
[0mGET /api/movie/246655/videos/ [36m304 [0m395.047 ms - -[0m
[0mGET /api/movie/325133/videos/ [36m304 [0m393.427 ms - -[0m
[0mGET /api/movie/271110/videos/ [36m304 [0m409.260 ms - -[0m
[0mGET /api/movie/332411/videos/ [36m304 [0m394.767 ms - -[0m
[0mGET /api/movie/290250/videos/ [36m304 [0m391.351 ms - -[0m
[0mGET /api/movie/254302/videos/ [36m304 [0m400.243 ms - -[0m
[0mGET /api/movie/346651/videos/ [36m304 [0m396.365 ms - -[0m
[0mGET /api/movie/360365/videos/ [36m304 [0m395.368 ms - -[0m
[0mGET /api/movie/325348/videos/ [36m304 [0m392.664 ms - -[0m
[0mGET /api/movie/303858/videos/ [36m304 [0m407.269 ms - -[0m
[0mGET /api/movie/384798/videos/ [36m304 [0m412.188 ms - -[0m
[0mGET /api/movie/355008/videos/ [36m304 [0m399.697 ms - -[0m
[0mGET /api/movie/383121/videos/ [36m304 [0m401.331 ms - -[0m
[0mGET /api/movie/301608/videos/ [36m304 [0m412.146 ms - -[0m
[0mGET /api/movie/323676/videos/ [36m304 [0m400.545 ms - -[0m
[0mGET /api/movie/267800/videos/ [36m304 [0m421.483 ms - -[0m
[0mGET /api/movie/397674/videos/ [36m304 [0m407.711 ms - -[0m
[0mGET /apple-touch-icon.png [0m- [0m- ms - -[0m
[0mGET /api/latestmovies [32m200 [0m432.582 ms - 14094[0m
[0mGET /apple-touch-icon.png [0m- [0m- ms - -[0m
[0mGET /api/latestmovies [32m200 [0m419.594 ms - 13926[0m
[0mGET /api/movie/278927/videos/ [36m304 [0m405.969 ms - -[0m
[0mGET /api/movie/246655/videos/ [36m304 [0m406.047 ms - -[0m
[0mGET /api/movie/290595/videos/ [36m304 [0m405.065 ms - -[0m
[0mGET /api/movie/271110/videos/ [36m304 [0m427.808 ms - -[0m
[0mGET /api/movie/325133/videos/ [36m304 [0m489.864 ms - -[0m
[0mGET /api/movie/153518/videos/ [36m304 [0m774.383 ms - -[0m
[0mGET /api/movie/254302/videos/ [36m304 [0m381.454 ms - -[0m
[0mGET /api/movie/332411/videos/ [36m304 [0m419.785 ms - -[0m
[0mGET /api/movie/346651/videos/ [36m304 [0m408.000 ms - -[0m
[0mGET /api/movie/290250/videos/ [36m304 [0m423.386 ms - -[0m
[0mGET /api/movie/360365/videos/ [36m304 [0m400.530 ms - -[0m
[0mGET /api/movie/325348/videos/ [36m304 [0m377.619 ms - -[0m
[0mGET /api/movie/301608/videos/ [36m304 [0m399.134 ms - -[0m
[0mGET /api/movie/383121/videos/ [36m304 [0m390.809 ms - -[0m
[0mGET /api/movie/303858/videos/ [36m304 [0m394.875 ms - -[0m
[0mGET /api/movie/384798/videos/ [36m304 [0m391.988 ms - -[0m
[0mGET /api/movie/355008/videos/ [36m304 [0m395.807 ms - -[0m
[0mGET /api/movie/323676/videos/ [36m304 [0m406.168 ms - -[0m
[0mGET /api/movie/267800/videos/ [36m304 [0m400.683 ms - -[0m
[0mGET /api/movie/397674/videos/ [36m304 [0m391.055 ms - -[0m
[0mGET /api/latestmovies [36m304 [0m456.498 ms - -[0m
[0mGET /api/latestmovies [32m200 [0m894.104 ms - 12546[0m
[0mGET /api/latestmovies [32m200 [0m585.477 ms - 12923[0m
[0mGET /api/latestmovies [36m304 [0m458.598 ms - -[0m
[0mGET /api/latestmovies [36m304 [0m490.794 ms - -[0m
[0mGET /api/latestmovies [32m200 [0m898.986 ms - 12546[0m
[0mGET /api/latestmovies [36m304 [0m414.584 ms - -[0m
[0mGET /api/latestmovies [32m200 [0m436.000 ms - 12923[0m
[0mGET /api/latestmovies [36m304 [0m857.054 ms - -[0m
[0mGET /api/latestmovies [32m200 [0m423.586 ms - 12546[0m
[0mGET /api/latestmovies [32m200 [0m404.224 ms - 12923[0m
[0mGET /api/latestmovies [36m304 [0m423.344 ms - -[0m
[0mGET /api/latestmovies [32m200 [0m435.623 ms - 12546[0m
[0mGET /api/latestmovies [32m200 [0m419.755 ms - 12923[0m
[0mGET /api/latestmovies [36m304 [0m401.521 ms - -[0m
[0mGET /api/latestmovies [36m304 [0m468.983 ms - -[0m
[0mGET /api/latestmovies [32m200 [0m424.158 ms - 12546[0m
[0mGET /api/latestmovies [32m200 [0m1925.360 ms - 11135[0m
[0mGET /api/latestmovies [32m200 [0m1082.881 ms - 11135[0m
[0mGET /api/latestmovies [32m200 [0m827.448 ms - 11135[0m
[0mGET /api/latestmovies [32m200 [0m432.809 ms - 11135[0m
[0mGET /api/latestmovies [36m304 [0m429.367 ms - -[0m
[0mGET /api/latestmovies [32m200 [0m437.542 ms - 11135[0m
[0mGET /api/latestmovies [32m200 [0m423.124 ms - 11135[0m
[0mGET /api/latestmovies [36m304 [0m417.488 ms - -[0m
[0mGET /api/latestmovies [36m304 [0m375.834 ms - -[0m
[0mGET /api/latestmovies [32m200 [0m424.741 ms - 11135[0m
[0mGET /api/latestmovies [32m200 [0m429.455 ms - 11135[0m
[0mGET /api/latestmovies [32m200 [0m442.299 ms - 11135[0m
[0mGET /api/latestmovies [36m304 [0m455.709 ms - -[0m
[0mGET /api/latestmovies [36m304 [0m416.727 ms - -[0m
[0mGET /api/latestmovies [36m304 [0m425.686 ms - -[0m
[0mGET /api/latestmovies [32m200 [0m453.464 ms - 11135[0m
[0mGET /api/latestmovies [32m200 [0m409.701 ms - 11135[0m
[0mGET /api/latestmovies [32m200 [0m395.257 ms - 11135[0m
[0mGET /api/latestmovies [32m200 [0m419.768 ms - 11135[0m
[0mGET /api/latestmovies [36m304 [0m392.061 ms - -[0m
[0mGET /api/latestmovies [36m304 [0m410.713 ms - -[0m
[0mGET /api/latestmovies [36m304 [0m419.673 ms - -[0m
[0mGET /api/latestmovies [32m200 [0m425.096 ms - 11135[0m
[0mGET /api/latestmovies [36m304 [0m414.644 ms - -[0m
[0mGET /api/latestmovies [32m200 [0m435.716 ms - 11135[0m
[0mGET /api/latestmovies [36m304 [0m780.663 ms - -[0m
[0mGET /api/latestmovies [32m200 [0m514.109 ms - 11135[0m
[0mGET /api/latestmovies [36m304 [0m372.819 ms - -[0m
[0mGET /api/latestmovies [32m200 [0m378.759 ms - 11135[0m
[0mGET /api/latestmovies [32m200 [0m410.887 ms - 11135[0m
[0mGET /api/latestmovies [32m200 [0m509.402 ms - 11135[0m
[0mGET /api/latestmovies [36m304 [0m397.053 ms - -[0m
[0mGET /api/latestmovies [32m200 [0m407.919 ms - 11135[0m
[0mGET /api/latestmovies [32m200 [0m366.530 ms - 11135[0m
[0mGET /api/latestmovies [36m304 [0m628.321 ms - -[0m
[0mGET /api/latestmovies [36m304 [0m382.693 ms - -[0m
[0mGET /api/latestmovies [36m304 [0m372.001 ms - -[0m
[0mGET /api/latestmovies [32m200 [0m377.404 ms - 11135[0m
[0mGET /api/latestmovies [32m200 [0m384.768 ms - 11135[0m
[0mGET /api/latestmovies [32m200 [0m858.093 ms - 11135[0m
[0mGET /api/latestmovies [32m200 [0m827.726 ms - 11135[0m
[0mGET /api/latestmovies [32m200 [0m397.211 ms - 11135[0m
[0mGET /api/latestmovies [32m200 [0m722.547 ms - 11135[0m
[0mGET /api/latestmovies [32m200 [0m387.651 ms - 11135[0m
[0mGET /api/latestmovies [36m304 [0m372.470 ms - -[0m
[0mGET /api/latestmovies [32m200 [0m406.183 ms - 11135[0m
[0mGET /api/latestmovies [32m200 [0m371.779 ms - 11135[0m
[0mGET /api/latestmovies [32m200 [0m410.504 ms - 11135[0m
[0mGET /api/latestmovies [36m304 [0m426.494 ms - -[0m
[0mGET /api/latestmovies [36m304 [0m369.943 ms - -[0m
[0mGET /api/latestmovies [36m304 [0m381.845 ms - -[0m
[0mGET /api/latestmovies [36m304 [0m378.548 ms - -[0m
[0mGET /api/latestmovies [32m200 [0m371.426 ms - 11135[0m
[0mGET /api/latestmovies [32m200 [0m391.558 ms - 11135[0m
[0mGET /api/movie/1234 [32m200 [0m933.335 ms - 4[0m
[0mGET /api/latestmovies [32m200 [0m760.924 ms - 11135[0m
[0mGET /api/latestmovies [36m304 [0m509.799 ms - -[0m
[0mGET /api/movie/271110 [32m200 [0m376.458 ms - 1409[0m
[0mGET /api/movie/271110 [36m304 [0m365.975 ms - -[0m
[0mGET /api/movie/271110 [36m304 [0m390.489 ms - -[0m
[0mGET /favicon.ico [0m- [0m- ms - -[0m
[0mGET /api/movie/271110 [36m304 [0m426.766 ms - -[0m
[0mGET /api/movie/271110 [36m304 [0m380.625 ms - -[0m
[0mGET /api/movie/271110 [36m304 [0m371.777 ms - -[0m
[0mGET /favicon.ico [0m- [0m- ms - -[0m
[0mGET /api/movie/271110 [36m304 [0m364.465 ms - -[0m
[0mGET /favicon.ico [0m- [0m- ms - -[0m
[0mGET /api/movie/271110 [36m304 [0m385.033 ms - -[0m
[0mGET /api/movie/271110 [36m304 [0m441.372 ms - -[0m
[0mGET /favicon.ico [0m- [0m- ms - -[0m
[0mGET /api/movie/271110 [36m304 [0m480.024 ms - -[0m
[0mGET /api/movie/271110 [36m304 [0m457.088 ms - -[0m
[0mGET /api/movie/271110 [36m304 [0m791.859 ms - -[0m
[0mGET /api/movie/271110 [36m304 [0m567.151 ms - -[0m
[0mGET /api/movie/271110 [36m304 [0m594.910 ms - -[0m
[0mGET /api/movie/271110 [36m304 [0m574.932 ms - -[0m
[0mGET /api/movie/271110 [36m304 [0m512.772 ms - -[0m
[0mGET /api/movie/271110 [36m304 [0m705.231 ms - -[0m
[0mGET /api/movie/271110 [36m304 [0m529.420 ms - -[0m
[0mGET /api/movie/271110 [36m304 [0m546.836 ms - -[0m
[0mGET /api/movie/271110 [36m304 [0m572.599 ms - -[0m
[0mGET /api/movie/271110 [36m304 [0m537.005 ms - -[0m
[0mGET /api/movie/271110 [36m304 [0m497.504 ms - -[0m
[0mGET /api/movie/271110 [36m304 [0m469.778 ms - -[0m
[0mGET /api/movie/271110 [36m304 [0m526.588 ms - -[0m
[0mGET /api/movie/271110 [36m304 [0m514.465 ms - -[0m
[0mGET /api/movie/271110 [36m304 [0m499.134 ms - -[0m
[0mGET /api/latestmovies [32m200 [0m373.639 ms - 11135[0m
[0mGET /api/movie/271110 [36m304 [0m384.186 ms - -[0m
[0mGET /api/movie/271110 [36m304 [0m360.718 ms - -[0m
[0mGET /api/movie/271110 [36m304 [0m464.987 ms - -[0m
[0mGET /api/movie/271110 [36m304 [0m380.877 ms - -[0m
[0mGET /api/movie/271110 [36m304 [0m538.291 ms - -[0m
[0mGET /api/movie/271110 [36m304 [0m361.919 ms - -[0m
[0mGET /api/movie/271110 [36m304 [0m423.706 ms - -[0m
[0mGET /api/movie/271110 [36m304 [0m366.658 ms - -[0m
[0mGET /api/movie/271110 [36m304 [0m576.176 ms - -[0m
[0mGET /api/movie/271110 [36m304 [0m443.069 ms - -[0m
[0mGET /api/latestmovies [36m304 [0m389.154 ms - -[0m
[0mGET /api/movie/271110 [36m304 [0m373.210 ms - -[0m
[0mGET /api/movie/271110 [36m304 [0m356.613 ms - -[0m
[0mGET /api/movie/271110 [36m304 [0m389.574 ms - -[0m
[0mGET /api/movie/271110 [36m304 [0m378.166 ms - -[0m
[0mGET /api/movie/271110 [36m304 [0m440.359 ms - -[0m
[0mGET /api/movie/271110 [0m- [0m- ms - -[0m
[0mGET /api/movie/271110 [32m200 [0m415.969 ms - 1409[0m
[0mGET /api/movie/271110 [36m304 [0m392.231 ms - -[0m
[0mGET /favicon.ico [0m- [0m- ms - -[0m
[0mGET /favicon.ico [0m- [0m- ms - -[0m
[0mGET /api/movie/271110 [36m304 [0m365.696 ms - -[0m
[0mGET /api/movie/271110 [36m304 [0m378.877 ms - -[0m
[0mGET /api/movie/271110 [36m304 [0m538.220 ms - -[0m
[0mGET /api/movie/271110 [36m304 [0m366.440 ms - -[0m
[0mGET /api/movie/271110 [36m304 [0m375.680 ms - -[0m
[0mGET /api/movie/271110 [36m304 [0m396.325 ms - -[0m
[0mGET /api/movie/271110 [36m304 [0m412.823 ms - -[0m
[0mGET /api/movie/271110 [36m304 [0m541.323 ms - -[0m
[0mGET /api/movie/271110 [36m304 [0m402.365 ms - -[0m
[0mGET /api/latestmovies [36m304 [0m376.825 ms - -[0m
[0mGET /api/latestmovies [32m200 [0m363.298 ms - 11135[0m
[0mGET /api/latestmovies [32m200 [0m375.271 ms - 11135[0m
[0mGET /api/latestmovies [36m304 [0m428.547 ms - -[0m
[0mGET /api/movie/1234 [36m304 [0m391.511 ms - -[0m
[0mGET /api/movie/271110 [36m304 [0m366.883 ms - -[0m
[0mGET /api/movie/271110 [36m304 [0m610.950 ms - -[0m
[0mGET /api/movie/271110 [36m304 [0m546.809 ms - -[0m
[0mGET /api/movie/271110 [36m304 [0m367.971 ms - -[0m
[0mGET /api/movie/271110 [36m304 [0m366.854 ms - -[0m
[0mGET /api/movie/271110 [36m304 [0m484.443 ms - -[0m
[0mGET /api/movie/271110 [36m304 [0m360.588 ms - -[0m
[0mGET /api/movie/271110 [36m304 [0m368.504 ms - -[0m
[0mGET /api/movie/271110 [36m304 [0m371.330 ms - -[0m
[0mGET /api/movie/271110 [36m304 [0m387.083 ms - -[0m
[0mGET /api/movie/271110 [36m304 [0m381.483 ms - -[0m
[0mGET /api/movie/271110 [36m304 [0m366.930 ms - -[0m
[0mGET /api/movie/271110 [36m304 [0m373.757 ms - -[0m
[0mGET /api/movie/271110 [36m304 [0m563.192 ms - -[0m
[0mGET /api/movie/271110 [36m304 [0m426.949 ms - -[0m
[0mGET /api/movie/271110 [36m304 [0m372.883 ms - -[0m
[0mGET /api/movie/271110 [36m304 [0m542.121 ms - -[0m
[0mGET /api/movie/271110 [36m304 [0m383.378 ms - -[0m
[0mGET /api/movie/271110 [36m304 [0m391.515 ms - -[0m
[0mGET /api/movie/271110 [36m304 [0m353.065 ms - -[0m
[0mGET /api/movie/271110 [36m304 [0m356.191 ms - -[0m
[0mGET /api/movie/271110 [36m304 [0m994.350 ms - -[0m
[0mGET /api/movie/271110 [36m304 [0m426.248 ms - -[0m
[0mGET /api/movie/271110 [36m304 [0m455.079 ms - -[0m
[0mGET /api/movie/271110 [36m304 [0m413.563 ms - -[0m
[0mGET /api/movie/271110 [36m304 [0m435.221 ms - -[0m
[0mGET /api/movie/271110 [36m304 [0m406.339 ms - -[0m
[0mGET /api/movie/271110 [36m304 [0m375.885 ms - -[0m
[0mGET /api/latestmovies [32m200 [0m390.217 ms - 11135[0m
[0mGET /api/latestmovies [32m200 [0m442.808 ms - 11135[0m
[0mGET /api/movie/271110 [36m304 [0m379.873 ms - -[0m
[0mGET /api/latestmovies [36m304 [0m381.236 ms - -[0m
[0mGET /api/latestmovies [36m304 [0m381.082 ms - -[0m
[0mGET /api/movie/246655 [32m200 [0m372.300 ms - 1786[0m
[0mGET /api/movie/246655 [36m304 [0m355.398 ms - -[0m
[0mGET /api/latestmovies [32m200 [0m374.544 ms - 11135[0m
[0mGET /api/latestmovies [32m200 [0m361.481 ms - 11135[0m
[0mGET /api/movie/153518 [32m200 [0m366.753 ms - 1178[0m
[0mGET /api/movie/153518 [36m304 [0m410.837 ms - -[0m
[0mGET /api/latestmovies [36m304 [0m597.996 ms - -[0m
[0mGET /api/latestmovies [36m304 [0m398.743 ms - -[0m
[0mGET /api/movie/153518 [36m304 [0m377.996 ms - -[0m
[0mGET /api/latestmovies [36m304 [0m506.781 ms - -[0m
[0mGET /api/latestmovies [36m304 [0m376.685 ms - -[0m
[0mGET /api/movie/153518 [36m304 [0m406.801 ms - -[0m
[0mGET /api/movie/153518 [32m200 [0m782.347 ms - 1178[0m
[0mGET /api/latestmovies [32m200 [0m366.868 ms - 12654[0m
[0mGET /api/latestmovies [36m304 [0m379.001 ms - -[0m
[0mGET /api/movie/246655 [32m200 [0m371.368 ms - 1789[0m
[0mGET /api/movie/246655 [36m304 [0m354.475 ms - -[0m
[0mGET /api/latestmovies [36m304 [0m379.429 ms - -[0m
[0mGET /api/movie/290250 [32m200 [0m368.817 ms - 922[0m
[0mGET /api/movie/290250 [36m304 [0m363.064 ms - -[0m
[0mGET /api/movie/153518 [36m304 [0m351.339 ms - -[0m
[0mGET /api/movie/153518 [36m304 [0m353.744 ms - -[0m
[0mGET /api/movie/153518 [36m304 [0m358.695 ms - -[0m
[0mGET /api/latestmovies [32m200 [0m1882.979 ms - 13061[0m
[0mGET /api/latestmovies [32m200 [0m862.665 ms - 13061[0m
[0mGET /api/movie/384798 [32m200 [0m418.577 ms - 1217[0m
[0mGET /api/movie/384798 [36m304 [0m525.989 ms - -[0m
[0mGET /api/latestmovies [36m304 [0m415.774 ms - -[0m
[0mGET /api/latestmovies [36m304 [0m521.925 ms - -[0m
[0mGET /api/movie/271110 [32m200 [0m400.008 ms - 1409[0m
[0mGET /api/movie/271110 [36m304 [0m397.943 ms - -[0m
[0mGET /api/latestmovies [32m200 [0m848.734 ms - 13061[0m
[0mGET /api/latestmovies [32m200 [0m404.222 ms - 13061[0m
[0mGET /api/movie/241259 [32m200 [0m411.587 ms - 1239[0m
[0mGET /api/movie/241259 [36m304 [0m394.504 ms - -[0m
[0mGET /api/latestmovies [36m304 [0m401.257 ms - -[0m
[0mGET /api/latestmovies [32m200 [0m1018.257 ms - 13509[0m
[0mGET /api/latestmovies [32m200 [0m420.825 ms - 13760[0m
[0mGET /api/movie/68735 [32m200 [0m388.158 ms - 1333[0m
[0mGET /api/latestmovies [32m200 [0m476.057 ms - 13509[0m
[0mGET /api/latestmovies [36m304 [0m394.700 ms - -[0m
[0mGET /api/movie/384798 [32m200 [0m405.961 ms - 1216[0m
[0mGET /api/latestmovies [36m304 [0m420.084 ms - -[0m
[0mGET /api/latestmovies [36m304 [0m411.763 ms - -[0m
[0mGET /api/movie/325133 [32m200 [0m414.057 ms - 1045[0m
[0mGET /api/latestmovies [36m304 [0m435.887 ms - -[0m
[0mGET /api/latestmovies [32m200 [0m415.383 ms - 13760[0m
[0mGET /api/movie/346651 [32m200 [0m506.573 ms - 1777[0m
[0mGET /api/latestmovies [32m200 [0m1467.015 ms - 13509[0m
[0mGET /api/latestmovies [36m304 [0m629.736 ms - -[0m
[0mGET /api/latestmovies [32m200 [0m792.840 ms - 13760[0m
[0mGET /api/latestmovies [32m200 [0m724.696 ms - 13509[0m
[0mGET /api/movie/271110 [32m200 [0m822.964 ms - 1409[0m
[0mGET /api/movie/271110 [36m304 [0m736.834 ms - -[0m
[0mGET /api/latestmovies [36m304 [0m852.258 ms - -[0m
[0mGET / [0m- [0m- ms - -[0m
[0mGET / [0m- [0m- ms - -[0m
[0mGET /api/latestmovies [32m200 [0m734.280 ms - 13509[0m
[0mGET /favicon.ico [0m- [0m- ms - -[0m
[0mGET /api/movie/271110 [36m304 [0m432.132 ms - -[0m
[0mGET /api/latestmovies [36m304 [0m415.917 ms - -[0m
[0mGET /api/latestmovies [0m- [0m- ms - -[0m
[0mGET /api/latestmovies [32m200 [0m998.868 ms - 13509[0m
[0mGET /api/latestmovies [32m200 [0m418.499 ms - 13760[0m
[0mGET /api/latestmovies [32m200 [0m397.365 ms - 13509[0m
[0mGET /api/latestmovies [36m304 [0m830.576 ms - -[0m
[0mGET /api/movie/271110 [32m200 [0m735.310 ms - 1409[0m
[0mGET /api/latestmovies [32m200 [0m734.899 ms - 13760[0m
[0mGET /api/latestmovies [32m200 [0m1689.355 ms - 13509[0m
[0mGET /api/movie/246655 [32m200 [0m729.988 ms - 1789[0m
[0mGET /api/latestmovies [36m304 [0m735.628 ms - -[0m
[0mGET /api/latestmovies [36m304 [0m742.027 ms - -[0m
[0mGET /api/movie/271110 [36m304 [0m835.473 ms - -[0m
[0mGET /api/movie/271110 [36m304 [0m873.812 ms - -[0m
[0mGET /api/movie/271110 [36m304 [0m842.588 ms - -[0m
[0mGET /api/movie/271110 [36m304 [0m752.076 ms - -[0m
[0mGET /api/movie/271110 [36m304 [0m777.113 ms - -[0m
[0mGET /api/movie/271110 [36m304 [0m648.033 ms - -[0m
[0mGET /api/latestmovies [32m200 [0m669.578 ms - 13509[0m
[0mGET /api/latestmovies [32m200 [0m648.180 ms - 13760[0m
[0mGET /api/movie/153518 [32m200 [0m673.449 ms - 1181[0m
[0mGET /api/movie/153518 [36m304 [0m679.022 ms - -[0m
[0mGET /api/latestmovies [32m200 [0m720.227 ms - 13509[0m
[0mGET /api/latestmovies [36m304 [0m790.101 ms - -[0m
[0mGET /api/movie/68735 [32m200 [0m720.917 ms - 1333[0m
[0mGET /api/latestmovies [36m304 [0m770.244 ms - -[0m
[0mGET /api/latestmovies [32m200 [0m429.267 ms - 13509[0m
[0mGET /api/latestmovies [32m200 [0m438.960 ms - 13760[0m
[0mGET /api/movie/271110 [36m304 [0m414.644 ms - -[0m
[0mGET /api/movie/271110 [36m304 [0m417.975 ms - -[0m
[0mGET /api/movie/68735 [36m304 [0m445.131 ms - -[0m
[0mGET /api/latestmovies [36m304 [0m418.552 ms - -[0m
[0mGET /api/movie/383121 [32m200 [0m416.205 ms - 1136[0m
[0mGET /api/latestmovies [36m304 [0m422.315 ms - -[0m
[0mGET /api/latestmovies [32m200 [0m838.824 ms - 13509[0m
[0mGET /api/movie/368596 [32m200 [0m729.788 ms - 886[0m
[0mGET /api/latestmovies [36m304 [0m815.775 ms - -[0m
[0mGET /api/latestmovies [32m200 [0m734.575 ms - 13760[0m
[0mGET /api/movie/301608 [32m200 [0m714.602 ms - 1087[0m
[0mGET /api/movie/301608 [36m304 [0m704.905 ms - -[0m
[0mGET /api/latestmovies [32m200 [0m699.331 ms - 13509[0m
[0mGET /api/movie/271110 [32m200 [0m1536.759 ms - 1409[0m
[0mGET /api/latestmovies [32m200 [0m1441.639 ms - 13509[0m
[0mGET /api/latestmovies [32m200 [0m426.362 ms - 13760[0m
[0mGET /api/movie/246655 [32m200 [0m392.912 ms - 1789[0m
[0mGET /api/movie/246655 [36m304 [0m422.239 ms - -[0m
[0mGET /api/latestmovies [32m200 [0m422.261 ms - 13509[0m
[0mGET /api/movie/368596 [36m304 [0m417.075 ms - -[0m
[0mGET /api/latestmovies [36m304 [0m420.681 ms - -[0m
[0mGET /api/latestmovies [32m200 [0m409.530 ms - 13760[0m
[0mGET /api/movie/383121 [36m304 [0m426.497 ms - -[0m
[0mGET /api/movie/383121 [36m304 [0m427.658 ms - -[0m
[0mGET /api/latestmovies [32m200 [0m423.504 ms - 13509[0m
[0mGET /api/latestmovies [36m304 [0m435.565 ms - -[0m
[0mGET /api/movie/290250 [32m200 [0m425.456 ms - 925[0m
[0mGET /api/latestmovies [36m304 [0m445.534 ms - -[0m
[0mGET /api/latestmovies [36m304 [0m427.942 ms - -[0m
[0mGET /api/movie/311667 [32m200 [0m445.976 ms - 1211[0m
[0mGET /api/movie/311667 [36m304 [0m416.946 ms - -[0m
[0mGET /api/latestmovies [32m200 [0m1140.088 ms - 13585[0m
[0mGET /api/latestmovies [32m200 [0m404.773 ms - 13585[0m
[0mGET /api/movie/246655 [32m200 [0m415.921 ms - 1789[0m
[0mGET /api/movie/246655 [36m304 [0m422.372 ms - -[0m
[0mGET /api/movie/246655 [36m304 [0m396.943 ms - -[0m
[0mGET /api/movie/246655 [36m304 [0m397.120 ms - -[0m
[0mGET /api/movie/246655 [36m304 [0m413.147 ms - -[0m
[0mGET /api/movie/246655 [36m304 [0m422.075 ms - -[0m
[0mGET /api/movie/246655 [36m304 [0m409.013 ms - -[0m
[0mGET /api/movie/246655 [36m304 [0m502.539 ms - -[0m
[0mGET /api/movie/246655 [36m304 [0m410.396 ms - -[0m
[0mGET /api/movie/246655 [36m304 [0m425.047 ms - -[0m
[0mGET /api/movie/246655 [36m304 [0m403.347 ms - -[0m
[0mGET /api/latestmovies [36m304 [0m416.626 ms - -[0m
[0mGET /api/latestmovies [32m200 [0m396.283 ms - 13585[0m
[0mGET /api/movie/271110 [32m200 [0m430.365 ms - 1409[0m
[0mGET /api/movie/271110 [36m304 [0m393.440 ms - -[0m
[0mGET /api/latestmovies [36m304 [0m461.773 ms - -[0m
[0mGET /api/latestmovies [32m200 [0m400.015 ms - 13585[0m
[0mGET /api/movie/346651 [32m200 [0m390.203 ms - 1777[0m
[0mGET /api/movie/271110/videos/ [32m200 [0m461.963 ms - 351[0m
[0mGET /api/movie/346651 [36m304 [0m424.619 ms - -[0m
[0mGET /favicon.ico [0m- [0m- ms - -[0m
[0mGET /api/movie/346651 [36m304 [0m410.872 ms - -[0m
[0mGET /api/movie/346651 [36m304 [0m459.441 ms - -[0m
[0mGET /api/movie/346651 [36m304 [0m414.726 ms - -[0m
[0mGET /api/movie/346651 [36m304 [0m472.979 ms - -[0m
[0mGET /favicon.ico [0m- [0m- ms - -[0m
[0mGET /api/movie/346651 [36m304 [0m408.351 ms - -[0m
[0mGET /api/movie/271110/videos/ [32m200 [0m388.776 ms - 351[0m
[0mGET /api/movie/346651 [36m304 [0m392.792 ms - -[0m
[0mGET /api/movie/271110/videos/ [36m304 [0m393.227 ms - -[0m
[0mGET /api/movie/346651 [36m304 [0m396.692 ms - -[0m
[0mGET /api/movie/271110/videos/ [36m304 [0m387.807 ms - -[0m
[0mGET /api/movie/346651 [36m304 [0m405.619 ms - -[0m
[0mGET /api/movie/271110/videos/ [36m304 [0m387.045 ms - -[0m
[0mGET /api/movie/346651 [36m304 [0m403.417 ms - -[0m
[0mGET /api/movie/271110/videos/ [36m304 [0m390.531 ms - -[0m
[0mGET /api/movie/346651 [36m304 [0m386.831 ms - -[0m
[0mGET /api/movie/271110/videos/ [36m304 [0m391.505 ms - -[0m
[0mGET /api/movie/346651 [36m304 [0m411.740 ms - -[0m
[0mGET /api/movie/346651 [36m304 [0m423.862 ms - -[0m
[0mGET /api/movie/271110/videos/ [36m304 [0m408.915 ms - -[0m
[0mGET /api/movie/346651 [36m304 [0m431.643 ms - -[0m
[0mGET /api/movie/271110/videos/ [36m304 [0m431.098 ms - -[0m
[0mGET /favicon.ico [0m- [0m- ms - -[0m
[0mGET /api/movie/346651 [36m304 [0m410.657 ms - -[0m
[0mGET /api/movie/271110/videos/ [36m304 [0m408.801 ms - -[0m
[0mGET /api/movie/346651 [36m304 [0m455.797 ms - -[0m
[0mGET /favicon.ico [0m- [0m- ms - -[0m
[0mGET /api/movie/346651 [36m304 [0m410.180 ms - -[0m
[0mGET /api/movie/346651 [36m304 [0m408.350 ms - -[0m
[0mGET /api/movie/346651 [36m304 [0m386.694 ms - -[0m
[0mGET /api/movie/346651 [36m304 [0m407.577 ms - -[0m
[0mGET /api/movie/271110/videos/ [36m304 [0m392.991 ms - -[0m
[0mGET /api/movie/346651 [36m304 [0m390.567 ms - -[0m
[0mGET /api/movie/346651 [36m304 [0m599.751 ms - -[0m
[0mGET /api/movie/346651 [36m304 [0m494.436 ms - -[0m
[0mGET /api/movie/346651 [36m304 [0m446.087 ms - -[0m
[0mGET /api/movie/346651 [36m304 [0m444.447 ms - -[0m
[0mGET /api/movie/346651 [36m304 [0m424.675 ms - -[0m
[0mGET /api/movie/346651 [36m304 [0m450.733 ms - -[0m
[0mGET /api/movie/346651 [36m304 [0m387.750 ms - -[0m
[0mGET /api/movie/271110/videos/ [36m304 [0m398.418 ms - -[0m
[0mGET /api/movie/346651 [36m304 [0m473.276 ms - -[0m
[0mGET /api/movie/271110/videos/ [36m304 [0m427.116 ms - -[0m
[0mGET /api/movie/346651 [36m304 [0m450.551 ms - -[0m
[0mGET /api/movie/271110/videos/ [36m304 [0m413.771 ms - -[0m
[0mGET /api/latestmovies [32m200 [0m1478.748 ms - 13585[0m
[0mGET /api/latestmovies [32m200 [0m610.084 ms - 13585[0m
[0mGET /api/movie/271110 [36m304 [0m639.849 ms - -[0m
[0mGET /api/movie/271110/videos/ [36m304 [0m407.370 ms - -[0m
[0mGET /api/movie/271110 [36m304 [0m402.337 ms - -[0m
[0mGET /api/movie/271110/videos/ [36m304 [0m387.068 ms - -[0m
[0mGET /api/movie/271110 [36m304 [0m427.905 ms - -[0m
[0mGET /api/movie/271110 [32m200 [0m426.249 ms - 1409[0m
[0mGET /api/movie/271110/videos/ [36m304 [0m409.718 ms - -[0m
[0mGET /api/movie/271110 [32m200 [0m389.490 ms - 1409[0m
[0mGET /api/movie/271110/videos/ [36m304 [0m390.546 ms - -[0m
[0mGET /api/movie/271110 [36m304 [0m1267.879 ms - -[0m
[0mGET /api/movie/271110/videos/ [36m304 [0m895.805 ms - -[0m
[0mGET /api/movie/271110 [36m304 [0m393.675 ms - -[0m
[0mGET /api/movie/271110/videos/ [36m304 [0m411.264 ms - -[0m
[0mGET /api/movie/271110 [36m304 [0m414.909 ms - -[0m
[0mGET /api/movie/271110/videos/ [36m304 [0m395.242 ms - -[0m
[0mGET /api/latestmovies [32m200 [0m1632.934 ms - 12198[0m
[0mGET /api/latestmovies [32m200 [0m795.615 ms - 12198[0m
[0mGET /api/movie/368596 [32m200 [0m762.803 ms - 887[0m
[0mGET /api/movie/271110/videos/ [32m200 [0m399.961 ms - 351[0m
[0mGET /api/movie/368596 [36m304 [0m391.983 ms - -[0m
[0mGET /api/latestmovies [0m- [0m- ms - -[0m
[0mGET /api/latestmovies [32m200 [0m757.913 ms - 12198[0m
[0mGET / [0m- [0m- ms - -[0m
[0mGET / [0m- [0m- ms - -[0m
[0mGET /api/latestmovies [32m200 [0m815.559 ms - 12198[0m
[0mGET / [0m- [0m- ms - -[0m
[0mGET / [0m- [0m- ms - -[0m
[0mGET /api/latestmovies [0m- [0m- ms - -[0m
[0mGET / [0m- [0m- ms - -[0m
[0mGET / [0m- [0m- ms - -[0m
[0mGET / [0m- [0m- ms - -[0m
[0mGET / [0m- [0m- ms - -[0m
[0mGET / [0m- [0m- ms - -[0m
[0mGET / [0m- [0m- ms - -[0m
[0mGET / [0m- [0m- ms - -[0m
[0mGET / [0m- [0m- ms - -[0m
[0mGET /api/latestmovies [32m200 [0m1927.133 ms - 12100[0m
[0mGET /api/latestmovies [36m304 [0m598.892 ms - -[0m
[0mGET /api/movie/368596 [32m200 [0m388.743 ms - 889[0m
[0mGET /api/movie/271110/videos/ [32m200 [0m398.231 ms - 351[0m
[0mGET /api/latestmovies [32m200 [0m695.467 ms - 12026[0m
[0mGET /api/latestmovies [32m200 [0m417.491 ms - 12100[0m
[0mGET /api/movie/368596 [32m200 [0m395.644 ms - 889[0m
[0mGET /api/movie/271110/videos/ [36m304 [0m691.730 ms - -[0m
[0mGET /api/movie/368596 [36m304 [0m421.337 ms - -[0m
[0mGET /api/movie/271110/videos/ [36m304 [0m399.406 ms - -[0m
[0mGET /api/movie/368596 [36m304 [0m492.365 ms - -[0m
[0mGET /api/movie/271110/videos/ [36m304 [0m680.452 ms - -[0m
[0mGET /api/movie/368596 [36m304 [0m410.301 ms - -[0m
[0mGET /api/movie/271110/videos/ [36m304 [0m388.165 ms - -[0m
[0mGET /api/latestmovies [32m200 [0m1409.211 ms - 12097[0m
[0mGET /api/latestmovies [36m304 [0m774.253 ms - -[0m
[0mGET /api/movie/271110 [32m200 [0m771.793 ms - 1409[0m
[0mGET /api/movie/271110/videos/ [32m200 [0m386.722 ms - 351[0m
[0mGET /api/movie/271110 [36m304 [0m664.439 ms - -[0m
[0mGET /api/movie/271110/videos/ [36m304 [0m408.149 ms - -[0m
[0mGET /api/latestmovies [36m304 [0m402.728 ms - -[0m
[0mGET /api/latestmovies [32m200 [0m424.256 ms - 12026[0m
[0mGET /api/movie/271404 [32m200 [0m394.528 ms - 721[0m
[0mGET /api/movie/271110/videos/ [36m304 [0m400.901 ms - -[0m
[0mGET /api/movie/271404 [36m304 [0m395.943 ms - -[0m
[0mGET /api/latestmovies [32m200 [0m410.279 ms - 12097[0m
[0mGET /api/latestmovies [36m304 [0m408.536 ms - -[0m
[0mGET /api/movie/389053 [32m200 [0m402.404 ms - 985[0m
[0mGET /api/movie/271110/videos/ [36m304 [0m394.144 ms - -[0m
[0mGET /api/latestmovies [36m304 [0m421.987 ms - -[0m
[0mGET /api/latestmovies [36m304 [0m414.510 ms - -[0m
[0mGET /api/movie/308531 [32m200 [0m390.876 ms - 1634[0m
[0mGET /api/movie/271110/videos/ [36m304 [0m393.297 ms - -[0m
[0mGET /api/movie/308531 [36m304 [0m416.028 ms - -[0m
[0mGET /api/latestmovies [36m304 [0m405.289 ms - -[0m
[0mGET /api/latestmovies [32m200 [0m416.539 ms - 12026[0m
[0mGET /api/movie/271404 [36m304 [0m396.002 ms - -[0m
[0mGET /api/movie/271110/videos/ [36m304 [0m401.471 ms - -[0m
[0mGET /api/latestmovies [32m200 [0m420.406 ms - 12026[0m
[0mGET /api/latestmovies [32m200 [0m405.982 ms - 12097[0m
[0mGET /api/movie/384798 [32m200 [0m405.571 ms - 1217[0m
[0mGET /api/movie/271110/videos/ [36m304 [0m394.540 ms - -[0m
[0mGET /api/latestmovies [32m200 [0m414.487 ms - 12026[0m
[0mGET /api/latestmovies [32m200 [0m416.810 ms - 12097[0m
[0mGET / [0m- [0m- ms - -[0m
[0mGET /api/latestmovies [32m200 [0m404.691 ms - 12097[0m
[0mGET /api/latestmovies [36m304 [0m423.923 ms - -[0m
[0mGET /favicon.ico [0m- [0m- ms - -[0m
[0mGET /favicon.ico [0m- [0m- ms - -[0m
[0mGET /api/latestmovies [32m200 [0m1357.035 ms - 13295[0m
[0mGET /api/latestmovies [36m304 [0m1065.015 ms - -[0m
[0mGET /api/movie/368596 [32m200 [0m670.074 ms - 889[0m
[0mGET /api/movie/271110/videos/ [32m200 [0m802.528 ms - 351[0m
[0mGET /api/latestmovies [36m304 [0m387.780 ms - -[0m
[0mGET /api/movie/368596 [0m- [0m- ms - -[0m
[0mGET /api/movie/271110 [32m200 [0m387.167 ms - 1409[0m
[0mGET /api/latestmovies [36m304 [0m389.731 ms - -[0m
[0mGET /api/latestmovies [32m200 [0m395.408 ms - 13267[0m
[0mGET /api/latestmovies [36m304 [0m387.265 ms - -[0m
[0mGET /api/latestmovies [32m200 [0m385.307 ms - 13295[0m
[0mGET /api/movie/368596 [36m304 [0m379.617 ms - -[0m
[0mGET /api/latestmovies [32m200 [0m392.080 ms - 13295[0m
[0mGET /api/movie/368596 [36m304 [0m393.822 ms - -[0m
[0mGET / [0m- [0m- ms - -[0m
[0mGET /favicon.ico [0m- [0m- ms - -[0m
[0mGET /api/movie/368596 [32m200 [0m383.214 ms - 887[0m
[0mGET / [0m- [0m- ms - -[0m
[0mGET /api/latestmovies [36m304 [0m383.108 ms - -[0m
[0mGET /favicon.ico [0m- [0m- ms - -[0m
[0mGET /api/movie/257440 [32m200 [0m374.328 ms - 1341[0m
[0mGET /favicon.ico [0m- [0m- ms - -[0m
[0mGET /favicon.ico [0m- [0m- ms - -[0m
[0mGET /api/movie/368596 [32m200 [0m373.050 ms - 887[0m
[0mGET /api/movie/368596/videos/ [32m200 [0m351.889 ms - 179[0m
[0mGET /api/movie/368596 [32m200 [0m395.282 ms - 887[0m
[0mGET /api/movie/368596/videos/ [36m304 [0m359.673 ms - -[0m
[0mGET /api/latestmovies [32m200 [0m1285.283 ms - 13014[0m
[0mGET /api/latestmovies [32m200 [0m753.783 ms - 13050[0m
[0mGET /api/movie/368596 [32m200 [0m805.689 ms - 890[0m
[0mGET /api/movie/368596/videos/ [32m200 [0m592.858 ms - 179[0m
[0mGET /api/latestmovies [32m200 [0m405.881 ms - 13046[0m
[0mGET /api/latestmovies [36m304 [0m429.488 ms - -[0m
[0mGET /api/movie/271110 [32m200 [0m701.031 ms - 1409[0m
[0mGET /api/movie/271110/videos/ [32m200 [0m408.805 ms - 351[0m
[0mGET /api/latestmovies [32m200 [0m636.525 ms - 13014[0m
[0mGET /api/latestmovies [32m200 [0m433.101 ms - 13050[0m
[0mGET /api/movie/153518 [32m200 [0m427.528 ms - 1182[0m
[0mGET /api/movie/153518/videos/ [32m200 [0m623.070 ms - 715[0m
[0mGET /api/latestmovies [32m200 [0m608.683 ms - 13014[0m
[0mGET /api/latestmovies [32m200 [0m418.135 ms - 13046[0m
[0mGET /api/movie/328429 [32m200 [0m593.193 ms - 1095[0m
[0mGET /api/movie/328429/videos/ [32m200 [0m554.704 ms - 186[0m
